Building DAG of jobs...
Using shell: /usr/local/bin/bash
Provided cluster nodes: 100
Job stats:
job               count    min threads    max threads
--------------  -------  -------------  -------------
anc_allele_tsv        1              1              1
total                 1              1              1

Select jobs to execute...

[Fri Oct  6 09:57:14 2023]
rule anc_allele_tsv:
    input: ../../../../data/genomes/Anc66.hal
    output: ../../../../data/processed/ancestral/ancestral_66_ltet_snps.tsv
    jobid: 0
    reason: Forced execution
    resources: mem_mb=15360, disk_mb=2078, tmpdir=/tmp, threads=1


      halSnps ../../../../data/genomes/Anc66.hal Lyrurus_tetrix Anc66 --tsv ../../../../data/processed/ancestral/ancestral_66_ltet_snps.tsv
      
Error submitting jobscript (exit code 127):

Shutting down, this might take some time.
Exiting because a job execution failed. Look above for error message
Complete log: .snakemake/log/2023-10-06T095713.629109.snakemake.log
