Building DAG of jobs...
Using shell: /usr/local/bin/bash
Provided cores: 1 (use --cores to define parallelism)
Rules claiming more threads will be scaled down.
Job stats:
job               count    min threads    max threads
--------------  -------  -------------  -------------
anc_allele_tsv        1              1              1
total                 1              1              1

Select jobs to execute...

[Fri Oct  6 10:02:10 2023]
rule anc_allele_tsv:
    input: ../../../../data/genomes/Anc66.hal
    output: ../../../../data/processed/ancestral/ancestral_66_ltet_snps.tsv
    jobid: 0
    reason: Missing output files: ../../../../data/processed/ancestral/ancestral_66_ltet_snps.tsv
    resources: tmpdir=/tmp, mem_mb=15360

Activating singularity image /vol/cluster-data/rchen/geneticload/gerp/analyses/git/cactus_insert_ltet/cactus_v2.5.1.sif
[Fri Oct  6 10:02:15 2023]
Error in rule anc_allele_tsv:
    jobid: 0
    output: ../../../../data/processed/ancestral/ancestral_66_ltet_snps.tsv
    shell:
        
      halSnps ../../../../data/genomes/Anc66.hal Lyrurus_tetrix Anc66 --tsv ../../../../data/processed/ancestral/ancestral_66_ltet_snps.tsv
      
        (one of the commands exited with non-zero exit code; note that snakemake uses bash strict mode!)

Shutting down, this might take some time.
Exiting because a job execution failed. Look above for error message
Complete log: .snakemake/log/2023-10-06T100209.659810.snakemake.log
